<?xml version="1.0" encoding="UTF-8"?>
<!-- Generated by org.testng.reporters.JUnitReportReporter -->
<testsuite hostname="LAPTOP-2NA4FFI8" failures="0" tests="1" name="Runner" time="26.615" errors="0" timestamp="2023-06-19T22:51:39 IST" skipped="0">
  <testcase classname="Runner" name="runScenario" time="26.615"/>
</testsuite> <!-- Runner -->
